Loaded plugins: fastestmirror, langpacks
Installed Packages
GConf2.x86_64                           3.2.6-8.el7                    @anaconda
NetworkManager.x86_64                   1:1.0.6-29.el7_2               @updates 
NetworkManager-libnm.x86_64             1:1.0.6-29.el7_2               @updates 
NetworkManager-team.x86_64              1:1.0.6-29.el7_2               @updates 
NetworkManager-tui.x86_64               1:1.0.6-29.el7_2               @updates 
PyYAML.x86_64                           3.10-11.el7                    @base    
abrt.x86_64                             2.1.11-36.el7.centos           @anaconda
abrt-addon-ccpp.x86_64                  2.1.11-36.el7.centos           @anaconda
abrt-addon-kerneloops.x86_64            2.1.11-36.el7.centos           @anaconda
abrt-addon-pstoreoops.x86_64            2.1.11-36.el7.centos           @anaconda
abrt-addon-python.x86_64                2.1.11-36.el7.centos           @anaconda
abrt-addon-vmcore.x86_64                2.1.11-36.el7.centos           @anaconda
abrt-addon-xorg.x86_64                  2.1.11-36.el7.centos           @anaconda
abrt-cli.x86_64                         2.1.11-36.el7.centos           @anaconda
abrt-console-notification.x86_64        2.1.11-36.el7.centos           @anaconda
abrt-dbus.x86_64                        2.1.11-36.el7.centos           @anaconda
abrt-libs.x86_64                        2.1.11-36.el7.centos           @anaconda
abrt-python.x86_64                      2.1.11-36.el7.centos           @anaconda
abrt-retrace-client.x86_64              2.1.11-36.el7.centos           @anaconda
abrt-tui.x86_64                         2.1.11-36.el7.centos           @anaconda
acl.x86_64                              2.2.51-12.el7                  @anaconda
aic94xx-firmware.noarch                 30-6.el7                       @anaconda
alsa-firmware.noarch                    1.0.28-2.el7                   @anaconda
alsa-lib.x86_64                         1.0.28-2.el7                   @anaconda
alsa-tools-firmware.x86_64              1.0.28-2.el7                   @anaconda
ansible.noarch                          2.1.0.0-1.el7                  @epel    
apr.x86_64                              1.4.8-3.el7                    @anaconda
apr-util.x86_64                         1.5.2-6.el7                    @anaconda
at.x86_64                               3.1.13-20.el7                  @anaconda
atk.x86_64                              2.14.0-1.el7                   @anaconda
attr.x86_64                             2.4.46-12.el7                  @anaconda
audit.x86_64                            2.4.1-5.el7                    @anaconda
audit-libs.x86_64                       2.4.1-5.el7                    @anaconda
augeas-libs.x86_64                      1.4.0-2.el7                    @anaconda
authconfig.x86_64                       6.2.8-10.el7                   @anaconda
autoconf.noarch                         2.69-11.el7                    @anaconda
automake.noarch                         1.13.4-3.el7                   @anaconda
avahi-autoipd.x86_64                    0.6.31-15.el7_2.1              @updates 
avahi-libs.x86_64                       0.6.31-15.el7_2.1              @updates 
basesystem.noarch                       10.0-7.el7.centos              @anaconda
bash.x86_64                             4.2.46-19.el7                  @anaconda
bash-completion.noarch                  1:2.1-6.el7                    @anaconda
bc.x86_64                               1.06.95-13.el7                 @anaconda
bind-libs.x86_64                        32:9.9.4-29.el7_2.3            @updates 
bind-libs-lite.x86_64                   32:9.9.4-29.el7_2.3            @updates 
bind-license.noarch                     32:9.9.4-29.el7_2.3            @updates 
bind-utils.x86_64                       32:9.9.4-29.el7_2.3            @updates 
binutils.x86_64                         2.23.52.0.1-55.el7             @anaconda
biosdevname.x86_64                      0.6.2-1.el7                    @anaconda
bison.x86_64                            2.7-4.el7                      @anaconda
blktrace.x86_64                         1.0.5-6.el7                    @anaconda
boost-system.x86_64                     1.53.0-25.el7                  @anaconda
boost-thread.x86_64                     1.53.0-25.el7                  @anaconda
bridge-utils.x86_64                     1.5-9.el7                      @anaconda
btrfs-progs.x86_64                      3.19.1-1.el7                   @anaconda
byacc.x86_64                            1.9.20130304-3.el7             @anaconda
bzip2.x86_64                            1.0.6-13.el7                   @anaconda
bzip2-libs.x86_64                       1.0.6-13.el7                   @anaconda
ca-certificates.noarch                  2015.2.6-70.1.el7_2            @updates 
cairo.x86_64                            1.14.2-1.el7                   @anaconda
centos-indexhtml.noarch                 7-9.el7.centos                 @anaconda
centos-logos.noarch                     70.0.6-3.el7.centos            @anaconda
centos-release.x86_64                   7-2.1511.el7.centos.2.10       @anaconda
chkconfig.x86_64                        1.3.61-5.el7_2.1               @updates 
chrony.x86_64                           2.1.1-1.el7.centos             @anaconda
compat-db-headers.noarch                4.7.25-28.el7                  @anaconda
compat-db47.x86_64                      4.7.25-28.el7                  @anaconda
compat-glibc.x86_64                     1:2.12-4.el7.centos            @anaconda
compat-glibc-headers.x86_64             1:2.12-4.el7.centos            @anaconda
compat-libcap1.x86_64                   1.10-7.el7                     @anaconda
compat-libf2c-34.x86_64                 3.4.6-32.el7                   @anaconda
compat-libgfortran-41.x86_64            4.1.2-44.el7                   @anaconda
compat-libtiff3.x86_64                  3.9.4-11.el7                   @anaconda
compat-openldap.x86_64                  1:2.3.43-5.el7                 @anaconda
coreutils.x86_64                        8.22-15.el7_2.1                @updates 
cpio.x86_64                             2.11-24.el7                    @anaconda
cpp.x86_64                              4.8.5-4.el7                    @anaconda
cracklib.x86_64                         2.9.0-11.el7                   @anaconda
cracklib-dicts.x86_64                   2.9.0-11.el7                   @anaconda
crda.x86_64                             1.1.3_2015.04.06-2.el7         @anaconda
cronie.x86_64                           1.4.11-14.el7_2.1              @updates 
cronie-anacron.x86_64                   1.4.11-14.el7_2.1              @updates 
crontabs.noarch                         1.11-6.20121102git.el7         @anaconda
cryptsetup.x86_64                       1.6.7-1.el7                    @anaconda
cryptsetup-libs.x86_64                  1.6.7-1.el7                    @anaconda
cscope.x86_64                           15.8-7.el7                     @anaconda
ctags.x86_64                            5.8-13.el7                     @anaconda
cups-libs.x86_64                        1:1.6.3-22.el7                 @anaconda
curl.x86_64                             7.29.0-25.el7.centos           @anaconda
cyrus-sasl-lib.x86_64                   2.1.26-20.el7_2                @updates 
cyrus-sasl-plain.x86_64                 2.1.26-20.el7_2                @updates 
dbus.x86_64                             1:1.6.12-13.el7                @anaconda
dbus-glib.x86_64                        0.100-7.el7                    @anaconda
dbus-libs.x86_64                        1:1.6.12-13.el7                @anaconda
dbus-python.x86_64                      1.1.1-9.el7                    @anaconda
desktop-file-utils.x86_64               0.22-1.el7                     @anaconda
device-mapper.x86_64                    7:1.02.107-5.el7_2.2           @updates 
device-mapper-event.x86_64              7:1.02.107-5.el7_2.2           @updates 
device-mapper-event-libs.x86_64         7:1.02.107-5.el7_2.2           @updates 
device-mapper-libs.x86_64               7:1.02.107-5.el7_2.2           @updates 
device-mapper-persistent-data.x86_64    0.5.5-1.el7                    @anaconda
dhclient.x86_64                         12:4.2.5-42.el7.centos         @anaconda
dhcp-common.x86_64                      12:4.2.5-42.el7.centos         @anaconda
dhcp-libs.x86_64                        12:4.2.5-42.el7.centos         @anaconda
diffstat.x86_64                         1.57-4.el7                     @anaconda
diffutils.x86_64                        3.3-4.el7                      @anaconda
dmidecode.x86_64                        1:2.12-9.el7                   @anaconda
dmraid.x86_64                           1.0.0.rc16-26.el7              @anaconda
dmraid-events.x86_64                    1.0.0.rc16-26.el7              @anaconda
dnsmasq.x86_64                          2.66-14.el7_1                  @anaconda
dosfstools.x86_64                       3.0.20-9.el7                   @anaconda
doxygen.x86_64                          1:1.8.5-3.el7                  @anaconda
dracut.x86_64                           033-360.el7_2                  @updates 
dracut-config-rescue.x86_64             033-360.el7_2                  @updates 
dracut-network.x86_64                   033-360.el7_2                  @updates 
dwz.x86_64                              0.11-3.el7                     @anaconda
dyninst.x86_64                          8.2.0-2.el7                    @anaconda
e2fsprogs.x86_64                        1.42.9-7.el7                   @anaconda
e2fsprogs-libs.x86_64                   1.42.9-7.el7                   @anaconda
ebtables.x86_64                         2.0.10-13.el7                  @anaconda
ed.x86_64                               1.9-4.el7                      @anaconda
elfutils.x86_64                         0.163-3.el7                    @anaconda
elfutils-libelf.x86_64                  0.163-3.el7                    @anaconda
elfutils-libs.x86_64                    0.163-3.el7                    @anaconda
emacs-filesystem.noarch                 1:24.3-18.el7                  @anaconda
epel-release.noarch                     7-7                            @epel    
ethtool.x86_64                          2:3.15-2.el7                   @anaconda
expat.x86_64                            2.1.0-8.el7                    @anaconda
file.x86_64                             5.11-31.el7                    @anaconda
file-libs.x86_64                        5.11-31.el7                    @anaconda
filesystem.x86_64                       3.2-20.el7                     @anaconda
findutils.x86_64                        1:4.5.11-5.el7                 @anaconda
fipscheck.x86_64                        1.4.1-5.el7                    @anaconda
fipscheck-lib.x86_64                    1.4.1-5.el7                    @anaconda
firewalld.noarch                        0.3.9-14.el7                   @anaconda
flac-libs.x86_64                        1.3.0-5.el7_1                  @anaconda
flex.x86_64                             2.5.37-3.el7                   @anaconda
fontconfig.x86_64                       2.10.95-7.el7                  @anaconda
fontpackages-filesystem.noarch          1.44-8.el7                     @anaconda
fprintd.x86_64                          0.5.0-4.0.el7_0                @anaconda
fprintd-pam.x86_64                      0.5.0-4.0.el7_0                @anaconda
freetype.x86_64                         2.4.11-11.el7                  @anaconda
fxload.x86_64                           2002_04_11-16.el7              @anaconda
gawk.x86_64                             4.0.2-4.el7                    @anaconda
gcc.x86_64                              4.8.5-4.el7                    @anaconda
gcc-c++.x86_64                          4.8.5-4.el7                    @anaconda
gcc-gfortran.x86_64                     4.8.5-4.el7                    @anaconda
gdb.x86_64                              7.6.1-80.el7                   @anaconda
gdbm.x86_64                             1.10-8.el7                     @anaconda
gdk-pixbuf2.x86_64                      2.31.6-3.el7                   @anaconda
gettext.x86_64                          0.18.2.1-4.el7                 @anaconda
gettext-common-devel.noarch             0.18.2.1-4.el7                 @anaconda
gettext-devel.x86_64                    0.18.2.1-4.el7                 @anaconda
gettext-libs.x86_64                     0.18.2.1-4.el7                 @anaconda
giflib.x86_64                           4.1.6-9.el7                    @anaconda
git.x86_64                              1.8.3.1-6.el7_2.1              @updates 
glib-networking.x86_64                  2.42.0-1.el7                   @anaconda
glib2.x86_64                            2.42.2-5.el7                   @anaconda
glibc.x86_64                            2.17-106.el7_2.6               @updates 
glibc-common.x86_64                     2.17-106.el7_2.6               @updates 
glibc-devel.x86_64                      2.17-106.el7_2.6               @updates 
glibc-headers.x86_64                    2.17-106.el7_2.6               @updates 
gmp.x86_64                              1:6.0.0-12.el7_1               @updates 
gnupg2.x86_64                           2.0.22-3.el7                   @anaconda
gnutls.x86_64                           3.3.8-14.el7_2                 @updates 
gobject-introspection.x86_64            1.42.0-1.el7                   @anaconda
gpgme.x86_64                            1.3.2-5.el7                    @anaconda
gpm-libs.x86_64                         1.20.7-5.el7                   @anaconda
graphite2.x86_64                        1.3.6-1.el7_2                  @updates 
grep.x86_64                             2.20-2.el7                     @anaconda
groff-base.x86_64                       1.22.2-8.el7                   @anaconda
grub2.x86_64                            1:2.02-0.34.el7.centos         @updates 
grub2-tools.x86_64                      1:2.02-0.34.el7.centos         @updates 
grubby.x86_64                           8.28-17.el7                    @anaconda
gsettings-desktop-schemas.x86_64        3.14.2-1.el7                   @anaconda
gsm.x86_64                              1.0.13-11.el7                  @anaconda
gtk2.x86_64                             2.24.28-8.el7                  @anaconda
gzip.x86_64                             1.5-8.el7                      @anaconda
hardlink.x86_64                         1:1.0-19.el7                   @anaconda
harfbuzz.x86_64                         0.9.36-1.el7                   @anaconda
hicolor-icon-theme.noarch               0.12-7.el7                     @anaconda
hostname.x86_64                         3.13-3.el7                     @anaconda
httpd.x86_64                            2.4.6-40.el7.centos.1          @updates 
httpd-tools.x86_64                      2.4.6-40.el7.centos.1          @updates 
hunspell.x86_64                         1.3.2-13.el7                   @anaconda
hunspell-en.noarch                      0.20121024-5.el7               @anaconda
hunspell-en-GB.noarch                   0.20121024-5.el7               @anaconda
hunspell-en-US.noarch                   0.20121024-5.el7               @anaconda
hwdata.x86_64                           0.252-8.1.el7                  @anaconda
indent.x86_64                           2.2.11-13.el7                  @anaconda
info.x86_64                             5.1-4.el7                      @anaconda
initscripts.x86_64                      9.49.30-1.el7_2.2              @updates 
intltool.noarch                         0.50.2-6.el7                   @anaconda
iproute.x86_64                          3.10.0-54.el7                  @anaconda
iprutils.x86_64                         2.4.8-1.el7                    @anaconda
iptables.x86_64                         1.4.21-16.el7                  @anaconda
iputils.x86_64                          20121221-7.el7                 @anaconda
irqbalance.x86_64                       3:1.0.7-5.el7                  @anaconda
ivtv-firmware.noarch                    2:20080701-26.el7              @anaconda
iw.x86_64                               3.10-6.el7                     @anaconda
iwl100-firmware.noarch                  39.31.5.1-43.el7               @anaconda
iwl1000-firmware.noarch                 1:39.31.5.1-43.el7             @anaconda
iwl105-firmware.noarch                  18.168.6.1-43.el7              @anaconda
iwl135-firmware.noarch                  18.168.6.1-43.el7              @anaconda
iwl2000-firmware.noarch                 18.168.6.1-43.el7              @anaconda
iwl2030-firmware.noarch                 18.168.6.1-43.el7              @anaconda
iwl3160-firmware.noarch                 22.0.7.0-43.el7                @anaconda
iwl3945-firmware.noarch                 15.32.2.9-43.el7               @anaconda
iwl4965-firmware.noarch                 228.61.2.24-43.el7             @anaconda
iwl5000-firmware.noarch                 8.83.5.1_1-43.el7              @anaconda
iwl5150-firmware.noarch                 8.24.2.2-43.el7                @anaconda
iwl6000-firmware.noarch                 9.221.4.1-43.el7               @anaconda
iwl6000g2a-firmware.noarch              17.168.5.3-43.el7              @anaconda
iwl6000g2b-firmware.noarch              17.168.5.2-43.el7              @anaconda
iwl6050-firmware.noarch                 41.28.5.1-43.el7               @anaconda
iwl7260-firmware.noarch                 22.0.7.0-43.el7                @anaconda
iwl7265-firmware.noarch                 22.0.7.0-43.el7                @anaconda
jansson.x86_64                          2.4-6.el7                      @anaconda
jasper-libs.x86_64                      1.900.1-29.el7                 @anaconda
java-1.7.0-openjdk.x86_64               1:1.7.0.101-2.6.6.1.el7_2      @updates 
java-1.7.0-openjdk-headless.x86_64      1:1.7.0.101-2.6.6.1.el7_2      @updates 
javapackages-tools.noarch               3.4.1-11.el7                   @anaconda
jbigkit-libs.x86_64                     2.0-11.el7                     @anaconda
json-c.x86_64                           0.11-4.el7_0                   @anaconda
kbd.x86_64                              1.15.5-11.el7                  @anaconda
kbd-legacy.noarch                       1.15.5-11.el7                  @anaconda
kbd-misc.noarch                         1.15.5-11.el7                  @anaconda
kernel.x86_64                           3.10.0-327.el7                 @anaconda
kernel.x86_64                           3.10.0-327.18.2.el7            @updates 
kernel-devel.x86_64                     3.10.0-327.el7                 @anaconda
kernel-devel.x86_64                     3.10.0-327.18.2.el7            @updates 
kernel-headers.x86_64                   3.10.0-327.18.2.el7            @updates 
kernel-tools.x86_64                     3.10.0-327.18.2.el7            @updates 
kernel-tools-libs.x86_64                3.10.0-327.18.2.el7            @updates 
kexec-tools.x86_64                      2.0.7-38.el7_2.1               @updates 
keyutils-libs.x86_64                    1.5.8-3.el7                    @anaconda
kmod.x86_64                             20-5.el7                       @anaconda
kmod-libs.x86_64                        20-5.el7                       @anaconda
kpartx.x86_64                           0.4.9-85.el7_2.4               @updates 
kpatch.noarch                           0.3.1-1.el7_2                  @updates 
krb5-libs.x86_64                        1.13.2-12.el7_2                @updates 
langtable.noarch                        0.0.31-3.el7                   @anaconda
langtable-data.noarch                   0.0.31-3.el7                   @anaconda
langtable-python.noarch                 0.0.31-3.el7                   @anaconda
ledmon.x86_64                           0.79-4.el7                     @anaconda
less.x86_64                             458-9.el7                      @anaconda
libICE.x86_64                           1.0.9-2.el7                    @anaconda
libSM.x86_64                            1.2.2-2.el7                    @anaconda
libX11.x86_64                           1.6.3-2.el7                    @anaconda
libX11-common.noarch                    1.6.3-2.el7                    @anaconda
libXau.x86_64                           1.0.8-2.1.el7                  @anaconda
libXcomposite.x86_64                    0.4.4-4.1.el7                  @anaconda
libXcursor.x86_64                       1.1.14-2.1.el7                 @anaconda
libXdamage.x86_64                       1.1.4-4.1.el7                  @anaconda
libXext.x86_64                          1.3.3-3.el7                    @anaconda
libXfixes.x86_64                        5.0.1-2.1.el7                  @anaconda
libXfont.x86_64                         1.5.1-2.el7                    @anaconda
libXft.x86_64                           2.3.2-2.el7                    @anaconda
libXi.x86_64                            1.7.4-2.el7                    @anaconda
libXinerama.x86_64                      1.1.3-2.1.el7                  @anaconda
libXrandr.x86_64                        1.4.2-2.el7                    @anaconda
libXrender.x86_64                       0.9.8-2.1.el7                  @anaconda
libXtst.x86_64                          1.2.2-2.1.el7                  @anaconda
libXxf86vm.x86_64                       1.1.3-2.1.el7                  @anaconda
libacl.x86_64                           2.2.51-12.el7                  @anaconda
libaio.x86_64                           0.3.109-13.el7                 @anaconda
libassuan.x86_64                        2.1.0-3.el7                    @anaconda
libasyncns.x86_64                       0.8-7.el7                      @anaconda
libattr.x86_64                          2.4.46-12.el7                  @anaconda
libblkid.x86_64                         2.23.2-26.el7_2.2              @updates 
libcap.x86_64                           2.22-8.el7                     @anaconda
libcap-ng.x86_64                        0.7.5-4.el7                    @anaconda
libcom_err.x86_64                       1.42.9-7.el7                   @anaconda
libconfig.x86_64                        1.4.9-5.el7                    @anaconda
libcroco.x86_64                         0.6.8-5.el7                    @anaconda
libcurl.x86_64                          7.29.0-25.el7.centos           @anaconda
libdaemon.x86_64                        0.14-7.el7                     @anaconda
libdb.x86_64                            5.3.21-19.el7                  @anaconda
libdb-utils.x86_64                      5.3.21-19.el7                  @anaconda
libdrm.x86_64                           2.4.60-3.el7                   @anaconda
libdwarf.x86_64                         20130207-4.el7                 @anaconda
libedit.x86_64                          3.0-12.20121213cvs.el7         @anaconda
libestr.x86_64                          0.1.9-2.el7                    @anaconda
libffi.x86_64                           3.0.13-16.el7                  @anaconda
libfontenc.x86_64                       1.1.2-3.el7                    @anaconda
libfprint.x86_64                        0.5.0-3.el7                    @anaconda
libgcc.x86_64                           4.8.5-4.el7                    @anaconda
libgcrypt.x86_64                        1.5.3-12.el7_1.1               @anaconda
libgfortran.x86_64                      4.8.5-4.el7                    @anaconda
libgnome-keyring.x86_64                 3.8.0-3.el7                    @anaconda
libgomp.x86_64                          4.8.5-4.el7                    @anaconda
libgpg-error.x86_64                     1.12-3.el7                     @anaconda
libgudev1.x86_64                        219-19.el7_2.9                 @updates 
libidn.x86_64                           1.28-4.el7                     @anaconda
libjpeg-turbo.x86_64                    1.2.90-5.el7                   @anaconda
libmnl.x86_64                           1.0.3-7.el7                    @anaconda
libmodman.x86_64                        2.0.1-8.el7                    @anaconda
libmount.x86_64                         2.23.2-26.el7_2.2              @updates 
libmpc.x86_64                           1.0.1-3.el7                    @anaconda
libndp.x86_64                           1.2-6.el7_2                    @updates 
libnetfilter_conntrack.x86_64           1.0.4-2.el7                    @anaconda
libnfnetlink.x86_64                     1.0.1-4.el7                    @anaconda
libnl.x86_64                            1.1.4-3.el7                    @anaconda
libnl3.x86_64                           3.2.21-10.el7                  @anaconda
libnl3-cli.x86_64                       3.2.21-10.el7                  @anaconda
libogg.x86_64                           2:1.3.0-7.el7                  @anaconda
libpcap.x86_64                          14:1.5.3-8.el7                 @anaconda
libpciaccess.x86_64                     0.13.4-2.el7                   @anaconda
libpipeline.x86_64                      1.2.3-3.el7                    @anaconda
libpng.x86_64                           2:1.5.13-7.el7_2               @updates 
libpng12.x86_64                         1.2.50-7.el7_2                 @updates 
libproxy.x86_64                         0.4.11-8.el7                   @anaconda
libpwquality.x86_64                     1.2.3-4.el7                    @anaconda
libquadmath.x86_64                      4.8.5-4.el7                    @anaconda
libquadmath-devel.x86_64                4.8.5-4.el7                    @anaconda
libreport.x86_64                        2.1.11-32.el7.centos           @anaconda
libreport-centos.x86_64                 2.1.11-32.el7.centos           @anaconda
libreport-cli.x86_64                    2.1.11-32.el7.centos           @anaconda
libreport-filesystem.x86_64             2.1.11-32.el7.centos           @anaconda
libreport-plugin-mailx.x86_64           2.1.11-32.el7.centos           @anaconda
libreport-plugin-mantisbt.x86_64        2.1.11-32.el7.centos           @anaconda
libreport-plugin-rhtsupport.x86_64      2.1.11-32.el7.centos           @anaconda
libreport-plugin-ureport.x86_64         2.1.11-32.el7.centos           @anaconda
libreport-python.x86_64                 2.1.11-32.el7.centos           @anaconda
libreport-web.x86_64                    2.1.11-32.el7.centos           @anaconda
libselinux.x86_64                       2.2.2-6.el7                    @anaconda
libselinux-python.x86_64                2.2.2-6.el7                    @anaconda
libselinux-utils.x86_64                 2.2.2-6.el7                    @anaconda
libsemanage.x86_64                      2.1.10-18.el7                  @anaconda
libsepol.x86_64                         2.1.9-3.el7                    @anaconda
libsndfile.x86_64                       1.0.25-10.el7                  @anaconda
libsoup.x86_64                          2.48.1-3.el7                   @anaconda
libss.x86_64                            1.42.9-7.el7                   @anaconda
libssh2.x86_64                          1.4.3-10.el7_2.1               @updates 
libsss_idmap.x86_64                     1.13.0-40.el7_2.4              @updates 
libsss_nss_idmap.x86_64                 1.13.0-40.el7_2.4              @updates 
libstdc++.x86_64                        4.8.5-4.el7                    @anaconda
libstdc++-devel.x86_64                  4.8.5-4.el7                    @anaconda
libstoragemgmt.x86_64                   1.2.3-4.el7                    @anaconda
libstoragemgmt-python.noarch            1.2.3-4.el7                    @anaconda
libsysfs.x86_64                         2.1.0-16.el7                   @anaconda
libtar.x86_64                           1.2.11-29.el7                  @anaconda
libtasn1.x86_64                         3.8-2.el7                      @anaconda
libteam.x86_64                          1.17-6.el7_2                   @updates 
libthai.x86_64                          0.1.14-9.el7                   @anaconda
libtiff.x86_64                          4.0.3-14.el7                   @anaconda
libtirpc.x86_64                         0.2.4-0.6.el7                  @base    
libtomcrypt.x86_64                      1.17-23.el7                    @epel    
libtommath.x86_64                       0.42.0-4.el7                   @epel    
libtool.x86_64                          2.4.2-21.el7_2                 @updates 
libunistring.x86_64                     0.9.3-9.el7                    @anaconda
libusb.x86_64                           1:0.1.4-3.el7                  @anaconda
libusbx.x86_64                          1.0.15-4.el7                   @anaconda
libuser.x86_64                          0.60-7.el7_1                   @anaconda
libutempter.x86_64                      1.1.6-4.el7                    @anaconda
libuuid.x86_64                          2.23.2-26.el7_2.2              @updates 
libverto.x86_64                         0.2.5-4.el7                    @anaconda
libvorbis.x86_64                        1:1.3.3-8.el7                  @anaconda
libxcb.x86_64                           1.11-4.el7                     @anaconda
libxml2.x86_64                          2.9.1-6.el7_2.2                @updates 
libxml2-python.x86_64                   2.9.1-6.el7_2.2                @updates 
libxshmfence.x86_64                     1.2-1.el7                      @anaconda
libxslt.x86_64                          1.1.28-5.el7                   @anaconda
libyaml.x86_64                          0.1.4-11.el7_0                 @base    
linux-firmware.noarch                   20150904-43.git6ebf5d5.el7     @anaconda
lksctp-tools.x86_64                     1.0.13-3.el7                   @anaconda
lm_sensors-libs.x86_64                  3.3.4-11.el7                   @anaconda
logrotate.x86_64                        3.8.6-7.el7_2                  @updates 
lsof.x86_64                             4.87-4.el7                     @anaconda
lsscsi.x86_64                           0.27-3.el7                     @anaconda
lua.x86_64                              5.1.4-14.el7                   @anaconda
lvm2.x86_64                             7:2.02.130-5.el7_2.2           @updates 
lvm2-libs.x86_64                        7:2.02.130-5.el7_2.2           @updates 
lynx.x86_64                             2.8.8-0.3.dev15.el7            @base    
lzo.x86_64                              2.06-8.el7                     @anaconda
m4.x86_64                               1.4.16-10.el7                  @anaconda
mailcap.noarch                          2.1.41-2.el7                   @base    
mailx.x86_64                            12.5-12.el7_0                  @anaconda
make.x86_64                             1:3.82-21.el7                  @anaconda
man-db.x86_64                           2.6.3-9.el7                    @anaconda
man-pages.noarch                        3.53-5.el7                     @anaconda
man-pages-overrides.x86_64              7.2.4-1.el7                    @anaconda
mariadb-libs.x86_64                     1:5.5.47-1.el7_2               @updates 
mdadm.x86_64                            3.3.2-7.el7                    @anaconda
mesa-libEGL.x86_64                      10.6.5-3.20150824.el7          @anaconda
mesa-libGL.x86_64                       10.6.5-3.20150824.el7          @anaconda
mesa-libgbm.x86_64                      10.6.5-3.20150824.el7          @anaconda
mesa-libglapi.x86_64                    10.6.5-3.20150824.el7          @anaconda
microcode_ctl.x86_64                    2:2.1-12.el7                   @anaconda
mlocate.x86_64                          0.26-5.el7                     @anaconda
mokutil.x86_64                          0.9-2.el7                      @anaconda
mozjs17.x86_64                          17.0.0-12.el7                  @anaconda
mpfr.x86_64                             3.1.1-4.el7                    @anaconda
mtr.x86_64                              2:0.85-7.el7                   @anaconda
nano.x86_64                             2.3.1-10.el7                   @anaconda
ncurses.x86_64                          5.9-13.20130511.el7            @anaconda
ncurses-base.noarch                     5.9-13.20130511.el7            @anaconda
ncurses-libs.x86_64                     5.9-13.20130511.el7            @anaconda
neon.x86_64                             0.30.0-3.el7                   @anaconda
net-tools.x86_64                        2.0-0.17.20131004git.el7       @anaconda
nettle.x86_64                           2.7.1-4.el7                    @anaconda
newt.x86_64                             0.52.15-4.el7                  @anaconda
newt-python.x86_64                      0.52.15-4.el7                  @anaconda
nspr.x86_64                             4.11.0-1.el7_2                 @updates 
nss.x86_64                              3.21.0-9.el7_2                 @updates 
nss-softokn.x86_64                      3.16.2.3-14.2.el7_2            @updates 
nss-softokn-freebl.x86_64               3.16.2.3-14.2.el7_2            @updates 
nss-sysinit.x86_64                      3.21.0-9.el7_2                 @updates 
nss-tools.x86_64                        3.21.0-9.el7_2                 @updates 
nss-util.x86_64                         3.21.0-2.2.el7_2               @updates 
ntpdate.x86_64                          4.2.6p5-22.el7.centos.2        @updates 
ntsysv.x86_64                           1.3.61-5.el7_2.1               @updates 
numactl-libs.x86_64                     2.0.9-6.el7_2                  @updates 
openldap.x86_64                         2.4.40-9.el7_2                 @updates 
openssh.x86_64                          6.6.1p1-25.el7_2               @updates 
openssh-clients.x86_64                  6.6.1p1-25.el7_2               @updates 
openssh-server.x86_64                   6.6.1p1-25.el7_2               @updates 
openssl.x86_64                          1:1.0.1e-51.el7_2.5            @updates 
openssl-libs.x86_64                     1:1.0.1e-51.el7_2.5            @updates 
openssl098e.x86_64                      0.9.8e-29.el7.centos.3         @updates 
os-prober.x86_64                        1.58-5.el7                     @anaconda
p11-kit.x86_64                          0.20.7-3.el7                   @anaconda
p11-kit-trust.x86_64                    0.20.7-3.el7                   @anaconda
pakchois.x86_64                         0.4-10.el7                     @anaconda
pam.x86_64                              1.1.8-12.el7_1.1               @anaconda
pango.x86_64                            1.36.8-2.el7                   @anaconda
parted.x86_64                           3.1-23.el7                     @anaconda
passwd.x86_64                           0.79-4.el7                     @anaconda
patch.x86_64                            2.7.1-8.el7                    @anaconda
patchutils.x86_64                       0.3.3-4.el7                    @anaconda
pciutils.x86_64                         3.2.1-4.el7                    @anaconda
pciutils-libs.x86_64                    3.2.1-4.el7                    @anaconda
pcre.x86_64                             8.32-15.el7_2.1                @updates 
pcsc-lite-libs.x86_64                   1.8.8-6.el7                    @anaconda
perl.x86_64                             4:5.16.3-286.el7               @anaconda
perl-Carp.noarch                        1.26-244.el7                   @anaconda
perl-Data-Dumper.x86_64                 2.145-3.el7                    @anaconda
perl-Encode.x86_64                      2.51-7.el7                     @anaconda
perl-Error.noarch                       1:0.17020-2.el7                @anaconda
perl-Exporter.noarch                    5.68-3.el7                     @anaconda
perl-File-Path.noarch                   2.09-2.el7                     @anaconda
perl-File-Temp.noarch                   0.23.01-3.el7                  @anaconda
perl-Filter.x86_64                      1.49-3.el7                     @anaconda
perl-Getopt-Long.noarch                 2.40-2.el7                     @anaconda
perl-Git.noarch                         1.8.3.1-6.el7_2.1              @updates 
perl-HTTP-Tiny.noarch                   0.033-3.el7                    @anaconda
perl-PathTools.x86_64                   3.40-5.el7                     @anaconda
perl-Pod-Escapes.noarch                 1:1.04-286.el7                 @anaconda
perl-Pod-Perldoc.noarch                 3.20-4.el7                     @anaconda
perl-Pod-Simple.noarch                  1:3.28-4.el7                   @anaconda
perl-Pod-Usage.noarch                   1.63-3.el7                     @anaconda
perl-Scalar-List-Utils.x86_64           1.27-248.el7                   @anaconda
perl-Socket.x86_64                      2.010-3.el7                    @anaconda
perl-Storable.x86_64                    2.45-3.el7                     @anaconda
perl-TermReadKey.x86_64                 2.30-20.el7                    @anaconda
perl-Test-Harness.noarch                3.28-3.el7                     @anaconda
perl-Text-ParseWords.noarch             3.29-4.el7                     @anaconda
perl-Thread-Queue.noarch                3.02-2.el7                     @anaconda
perl-Time-HiRes.x86_64                  4:1.9725-3.el7                 @anaconda
perl-Time-Local.noarch                  1.2300-2.el7                   @anaconda
perl-XML-Parser.x86_64                  2.41-10.el7                    @anaconda
perl-constant.noarch                    1.27-2.el7                     @anaconda
perl-libs.x86_64                        4:5.16.3-286.el7               @anaconda
perl-macros.x86_64                      4:5.16.3-286.el7               @anaconda
perl-parent.noarch                      1:0.225-244.el7                @anaconda
perl-podlators.noarch                   2.5.1-3.el7                    @anaconda
perl-srpm-macros.noarch                 1-8.el7                        @anaconda
perl-threads.x86_64                     1.87-4.el7                     @anaconda
perl-threads-shared.x86_64              1.43-6.el7                     @anaconda
pinentry.x86_64                         0.8.1-14.el7                   @anaconda
pinfo.x86_64                            0.6.10-9.el7                   @anaconda
pixman.x86_64                           0.32.6-3.el7                   @anaconda
pkgconfig.x86_64                        1:0.27.1-4.el7                 @anaconda
plymouth.x86_64                         0.8.9-0.24.20140113.el7.centos @anaconda
plymouth-core-libs.x86_64               0.8.9-0.24.20140113.el7.centos @anaconda
plymouth-scripts.x86_64                 0.8.9-0.24.20140113.el7.centos @anaconda
pm-utils.x86_64                         1.4.1-27.el7                   @anaconda
policycoreutils.x86_64                  2.2.5-20.el7                   @anaconda
polkit.x86_64                           0.112-6.el7_2                  @updates 
polkit-pkla-compat.x86_64               0.1-4.el7                      @anaconda
popt.x86_64                             1.13-16.el7                    @anaconda
postfix.x86_64                          2:2.10.1-6.el7                 @anaconda
ppp.x86_64                              2.4.5-33.el7                   @anaconda
procps-ng.x86_64                        3.3.10-5.el7_2                 @updates 
psacct.x86_64                           6.6.1-9.el7                    @anaconda
psmisc.x86_64                           22.20-9.el7                    @anaconda
pth.x86_64                              2.0.7-23.el7                   @anaconda
pulseaudio-libs.x86_64                  6.0-7.el7                      @anaconda
pygobject2.x86_64                       2.28.6-11.el7                  @anaconda
pygobject3-base.x86_64                  3.14.0-3.el7                   @anaconda
pygpgme.x86_64                          0.3-9.el7                      @anaconda
pyliblzma.x86_64                        0.5.3-11.el7                   @anaconda
python.x86_64                           2.7.5-34.el7                   @anaconda
python-augeas.noarch                    0.5.0-2.el7                    @anaconda
python-babel.noarch                     0.9.6-8.el7                    @base    
python-backports.x86_64                 1.0-8.el7                      @base    
python-backports-ssl_match_hostname.noarch
                                        3.4.0.2-4.el7                  @base    
python-chardet.noarch                   2.2.1-1.el7_1                  @anaconda
python-configobj.noarch                 4.7.2-7.el7                    @anaconda
python-decorator.noarch                 3.4.0-3.el7                    @anaconda
python-dmidecode.x86_64                 3.10.13-11.el7                 @anaconda
python-httplib2.noarch                  0.7.7-3.el7                    @epel    
python-iniparse.noarch                  0.4-9.el7                      @anaconda
python-javapackages.noarch              3.4.1-11.el7                   @anaconda
python-jinja2.noarch                    2.7.2-2.el7                    @base    
python-keyczar.noarch                   0.71c-2.el7                    @epel    
python-kitchen.noarch                   1.1.1-5.el7                    @anaconda
python-libs.x86_64                      2.7.5-34.el7                   @anaconda
python-lxml.x86_64                      3.2.1-4.el7                    @anaconda
python-markupsafe.x86_64                0.11-10.el7                    @base    
python-perf.x86_64                      3.10.0-327.18.2.el7            @updates 
python-pyasn1.noarch                    0.1.6-2.el7                    @base    
python-pycurl.x86_64                    7.19.0-17.el7                  @anaconda
python-pyudev.noarch                    0.15-7.el7_2.1                 @updates 
python-setuptools.noarch                0.9.8-4.el7                    @base    
python-six.noarch                       1.9.0-2.el7                    @anaconda
python-slip.noarch                      0.4.0-2.el7                    @anaconda
python-slip-dbus.noarch                 0.4.0-2.el7                    @anaconda
python-urlgrabber.noarch                3.10-7.el7                     @anaconda
python2-crypto.x86_64                   2.6.1-9.el7                    @epel    
python2-ecdsa.noarch                    0.13-4.el7                     @epel    
python2-paramiko.noarch                 1.16.1-1.el7                   @epel    
pyxattr.x86_64                          0.5.1-5.el7                    @anaconda
qrencode-libs.x86_64                    3.4.1-3.el7                    @anaconda
quota.x86_64                            1:4.01-11.el7_2.1              @updates 
quota-nls.noarch                        1:4.01-11.el7_2.1              @updates 
rcs.x86_64                              5.9.0-5.el7                    @anaconda
rdate.x86_64                            1.4-25.el7                     @anaconda
rdma.noarch                             7.2_4.1_rc6-2.el7              @updates 
readline.x86_64                         6.2-9.el7                      @anaconda
redhat-rpm-config.noarch                9.1.0-68.el7.centos            @anaconda
rfkill.x86_64                           0.4-9.el7                      @anaconda
rng-tools.x86_64                        5-7.el7                        @anaconda
rootfiles.noarch                        8.1-11.el7                     @anaconda
rpcbind.x86_64                          0.2.0-33.el7_2                 @updates 
rpm.x86_64                              4.11.3-17.el7                  @anaconda
rpm-build.x86_64                        4.11.3-17.el7                  @anaconda
rpm-build-libs.x86_64                   4.11.3-17.el7                  @anaconda
rpm-libs.x86_64                         4.11.3-17.el7                  @anaconda
rpm-python.x86_64                       4.11.3-17.el7                  @anaconda
rpm-sign.x86_64                         4.11.3-17.el7                  @anaconda
rsync.x86_64                            3.0.9-17.el7                   @anaconda
rsyslog.x86_64                          7.4.7-12.el7                   @anaconda
satyr.x86_64                            0.13-12.el7                    @anaconda
scl-utils.x86_64                        20130529-17.el7_1              @anaconda
sed.x86_64                              4.2.2-5.el7                    @anaconda
selinux-policy.noarch                   3.13.1-60.el7_2.3              @updates 
selinux-policy-targeted.noarch          3.13.1-60.el7_2.3              @updates 
setserial.x86_64                        2.17-33.el7                    @anaconda
setup.noarch                            2.8.71-6.el7                   @anaconda
setuptool.x86_64                        1.19.11-8.el7                  @anaconda
sg3_utils-libs.x86_64                   1.37-5.el7                     @anaconda
sgpio.x86_64                            1.2.0.10-13.el7                @anaconda
shadow-utils.x86_64                     2:4.1.5.1-18.el7               @anaconda
shared-mime-info.x86_64                 1.1-9.el7                      @anaconda
slang.x86_64                            2.2.4-11.el7                   @anaconda
smartmontools.x86_64                    1:6.2-4.el7                    @anaconda
snappy.x86_64                           1.1.0-3.el7                    @anaconda
sos.noarch                              3.2-35.el7.centos.3            @updates 
sqlite.x86_64                           3.7.17-8.el7                   @anaconda
sshpass.x86_64                          1.05-5.el7                     @epel    
sssd-client.x86_64                      1.13.0-40.el7_2.4              @updates 
strace.x86_64                           4.8-11.el7                     @anaconda
subversion.x86_64                       1.7.14-10.el7                  @anaconda
subversion-libs.x86_64                  1.7.14-10.el7                  @anaconda
sudo.x86_64                             1.8.6p7-17.el7_2               @updates 
swig.x86_64                             2.0.10-4.el7                   @anaconda
sysstat.x86_64                          10.1.5-7.el7                   @anaconda
systemd.x86_64                          219-19.el7_2.9                 @updates 
systemd-libs.x86_64                     219-19.el7_2.9                 @updates 
systemd-python.x86_64                   219-19.el7_2.9                 @updates 
systemd-sysv.x86_64                     219-19.el7_2.9                 @updates 
systemtap.x86_64                        2.8-10.el7                     @anaconda
systemtap-client.x86_64                 2.8-10.el7                     @anaconda
systemtap-devel.x86_64                  2.8-10.el7                     @anaconda
systemtap-runtime.x86_64                2.8-10.el7                     @anaconda
sysvinit-tools.x86_64                   2.88-14.dsf.el7                @anaconda
tar.x86_64                              2:1.26-29.el7                  @anaconda
tcp_wrappers.x86_64                     7.6-77.el7                     @anaconda
tcp_wrappers-libs.x86_64                7.6-77.el7                     @anaconda
tcpdump.x86_64                          14:4.5.1-3.el7                 @anaconda
tcsh.x86_64                             6.18.01-8.el7                  @anaconda
teamd.x86_64                            1.17-6.el7_2                   @updates 
telnet.x86_64                           1:0.17-59.el7                  @base    
time.x86_64                             1.7-45.el7                     @anaconda
traceroute.x86_64                       3:2.0.19-5.el7                 @anaconda
trousers.x86_64                         0.3.13-1.el7                   @anaconda
ttmkfdir.x86_64                         3.0.9-42.el7                   @anaconda
tuned.noarch                            2.5.1-4.el7_2.3                @updates 
tzdata.noarch                           2016e-1.el7                    @updates 
tzdata-java.noarch                      2016e-1.el7                    @updates 
unzip.x86_64                            6.0-15.el7                     @anaconda
usb_modeswitch.x86_64                   1.2.7-6.el7                    @anaconda
usb_modeswitch-data.noarch              20130807-2.el7                 @anaconda
usbutils.x86_64                         007-5.el7                      @anaconda
usermode.x86_64                         1.111-5.el7                    @anaconda
ustr.x86_64                             1.0.4-16.el7                   @anaconda
util-linux.x86_64                       2.23.2-26.el7_2.2              @updates 
vim-common.x86_64                       2:7.4.160-1.el7                @anaconda
vim-enhanced.x86_64                     2:7.4.160-1.el7                @anaconda
vim-filesystem.x86_64                   2:7.4.160-1.el7                @anaconda
vim-minimal.x86_64                      2:7.4.160-1.el7                @anaconda
virt-what.x86_64                        1.13-6.el7                     @anaconda
wget.x86_64                             1.14-10.el7_0.1                @anaconda
which.x86_64                            2.20-7.el7                     @anaconda
words.noarch                            3.0-22.el7                     @anaconda
wpa_supplicant.x86_64                   1:2.0-17.el7_1                 @anaconda
xdg-utils.noarch                        1.1.0-0.16.20120809git.el7     @anaconda
xfsdump.x86_64                          3.1.4-1.el7                    @anaconda
xfsprogs.x86_64                         3.2.2-2.el7                    @anaconda
xmlrpc-c.x86_64                         1.32.5-1905.svn2451.el7        @anaconda
xmlrpc-c-client.x86_64                  1.32.5-1905.svn2451.el7        @anaconda
xorg-x11-font-utils.x86_64              1:7.5-20.el7                   @anaconda
xorg-x11-fonts-Type1.noarch             7.5-9.el7                      @anaconda
xz.x86_64                               5.1.2-12alpha.el7              @anaconda
xz-libs.x86_64                          5.1.2-12alpha.el7              @anaconda
yajl.x86_64                             2.0.4-4.el7                    @anaconda
yum.noarch                              3.4.3-132.el7.centos.0.1       @anaconda
yum-langpacks.noarch                    0.4.2-4.el7                    @anaconda
yum-metadata-parser.x86_64              1.1.4-10.el7                   @anaconda
yum-plugin-fastestmirror.noarch         1.1.31-34.el7                  @anaconda
yum-utils.noarch                        1.1.31-34.el7                  @anaconda
zip.x86_64                              3.0-10.el7                     @anaconda
zlib.x86_64                             1.2.7-15.el7                   @anaconda
